#
# A fatal error has been detected by the Java Runtime Environment:
#
#  SIGSEGV (0xb) at pc=0x00007f3a43e92da1, pid=25215, tid=139888362694400
#
# JRE version: 6.0_26-b03
# Java VM: Java HotSpot(TM) 64-Bit Server VM (20.1-b02 mixed mode linux-amd64 compressed oops)
# Problematic frame:
# j  java.util.regex.Matcher.match(II)Z+0
#
# If you would like to submit a bug report, please visit:
#   http://java.sun.com/webapps/bugreport/crash.jsp
#

---------------  T H R E A D  ---------------

Current thread (0x00007f3a4800a800):  JavaThread "main" [_thread_in_Java, id=25219, stack(0x00007f3a4c1aa000,0x00007f3a4c2ab000)]

siginfo:si_signo=SIGSEGV: si_errno=0, si_code=1 (SEGV_MAPERR), si_addr=0x000000000003f9dc

Registers:
RAX=0x000000000003f9d0, RBX=0x00000000000000be, RCX=0x000000077e8d3b68, RDX=0x0000000000000000
RSP=0x00007f3a4c2a9748, RBP=0x00007f3a4c2a9790, RSI=0x00007f3a4800b1e0, RDI=0x0000000000000000
R8 =0x0000000000000a80, R9 =0x00007f3a4dbac000, R10=0x00007f3a4d1852c0, R11=0x0000000000000ffc
R12=0x0000000000000000, R13=0x000000077e8d33e3, R14=0x00007f3a4c2a97b8, R15=0x00007f3a4800a800
RIP=0x00007f3a43e92da1, EFLAGS=0x0000000000010202, CSGSFS=0x0000000000000033, ERR=0x0000000000000004
  TRAPNO=0x000000000000000e

Top of Stack: (sp=0x00007f3a4c2a9748)
0x00007f3a4c2a9748:   0000000000000000 00007f3a4c2a9750
0x00007f3a4c2a9758:   000000077e8d33b0 00007f3a4c2a97b8
0x00007f3a4c2a9768:   000000077e8d3b68 000000077ebbbe40
0x00007f3a4c2a9778:   000000077e8d3438 0000000000000000
0x00007f3a4c2a9788:   00007f3a4c2a97a8 00007f3a4c2a9800
0x00007f3a4c2a9798:   00007f3a43e708da 0000000000000000
0x00007f3a4c2a97a8:   0000000000000001 0000000000007f3a
0x00007f3a4c2a97b8:   00007f3a4c2a9250 00007f3a4c2a97c0
0x00007f3a4c2a97c8:   000000077e8d1e5e 00007f3a4c2a9810
0x00007f3a4c2a97d8:   000000077e8d3b68 000000077ee68398
0x00007f3a4c2a97e8:   000000077e8d1e68 00007f3a4c2a97a8
0x00007f3a4c2a97f8:   00007f3a4c2a9810 00007f3a4c2a9858
0x00007f3a4c2a9808:   00007f3a43e708da 00007f3a4c2a9250
0x00007f3a4c2a9818:   00007f3a4c2a9818 000000077ef5c596
0x00007f3a4c2a9828:   00007f3a4c2a9890 000000077ef5d808
0x00007f3a4c2a9838:   0000000000000000 000000077ef5c658
0x00007f3a4c2a9848:   00007f3a4c2a9810 00007f3a4c2a9888
0x00007f3a4c2a9858:   00007f3a4c2a98d8 00007f3a43e709a9
0x00007f3a4c2a9868:   00000007d66b3f90 00000007d66b3ed8
0x00007f3a4c2a9878:   00000007d66b3e20 0000000000000000
0x00007f3a4c2a9888:   00000007d7c82618 0000000783400980
0x00007f3a4c2a9898:   00007f3a4c2a9898 000000077e4c0bca
0x00007f3a4c2a98a8:   00007f3a4c2a9968 000000077e4ccf48
0x00007f3a4c2a98b8:   000000077ee9c810 000000077e4c0dc0
0x00007f3a4c2a98c8:   00007f3a4c2a9888 00007f3a4c2a9968
0x00007f3a4c2a98d8:   00007f3a4c2a99b0 00007f3a43e70b02
0x00007f3a4c2a98e8:   000000078345efd0 0000000000000000
0x00007f3a4c2a98f8:   00000007d7c80808 00000007d7c807c8
0x00007f3a4c2a9908:   0000000000000074 00000007d7c80248
0x00007f3a4c2a9918:   00000007d7c98120 000000078345da70
0x00007f3a4c2a9928:   0000000000000001 000000078342f8f0
0x00007f3a4c2a9938:   000000000000007b 0000000000000098 

Instructions: (pc=0x00007f3a43e92da1)
0x00007f3a43e92d81:   00 00 00 00 00 00 00 b7 4d e3 4c 3a 7f 00 00 be
0x00007f3a43e92d91:   00 00 00 00 00 00 00 00 00 00 00 00 00 00 00 58
0x00007f3a43e92da1:   8b 40 0c 41 0f b6 5d 01 49 ff c5 49 ba c0 32 18
0x00007f3a43e92db1:   4d 3a 7f 00 00 41 ff 24 da 66 0f 1f 44 00 00 40 

Register to memory mapping:

RAX=0x000000000003f9d0 is an unknown value
RBX=0x00000000000000be is an unknown value
RCX=0x000000077e8d3b68 is an oop
{constant pool cache} 
 - klass: {other class}
RDX=0x0000000000000000 is an unknown value
RSP=0x00007f3a4c2a9748 is pointing into the stack for thread: 0x00007f3a4800a800
RBP=0x00007f3a4c2a9790 is pointing into the stack for thread: 0x00007f3a4800a800
RSI=0x00007f3a4800b1e0 is an unknown value
RDI=0x0000000000000000 is an unknown value
R8 =0x0000000000000a80 is an unknown value
R9 =0x00007f3a4dbac000 is an unknown value
R10=0x00007f3a4d1852c0: <offset 0xbe02c0> in /usr/lib/jvm/java-6-sun-1.6.0.26/jre/lib/amd64/server/libjvm.so at 0x00007f3a4c5a5000
R11=0x0000000000000ffc is an unknown value
R12=0x0000000000000000 is an unknown value
R13=0x000000077e8d33e3 is an oop
{constMethod} 
 - klass: {other class}
 - method:       0x000000077e8d3438 {method} 'match' '(II)Z' in 'java/util/regex/Matcher'
 - exceptions:   0x000000077e201e98
bci_from(0x77e8d33e3) = 51; print_codes():
R14=0x00007f3a4c2a97b8 is pointing into the stack for thread: 0x00007f3a4800a800
R15=0x00007f3a4800a800 is a thread


Stack: [0x00007f3a4c1aa000,0x00007f3a4c2ab000],  sp=0x00007f3a4c2a9748,  free space=1021k
Native frames: (J=compiled Java code, j=interpreted, Vv=VM code, C=native code)
j  java.util.regex.Matcher.match(II)Z+0
j  java.util.regex.Matcher.matches()Z+6
j  worldborders.Dump.getDuration(Ljava/lang/String;)Ljava/lang/Float;+46
j  worldborders.Dump.getCountries()V+322
j  worldborders.WorldBorders.main([Ljava/lang/String;)V+31
v  ~StubRoutines::call_stub
V  [libjvm.so+0x4df5c0]  JavaCalls::call_helper(JavaValue*, methodHandle*, JavaCallArguments*, Thread*)+0x1e0
V  [libjvm.so+0x70f629]  os::os_exception_wrapper(void (*)(JavaValue*, methodHandle*, JavaCallArguments*, Thread*), JavaValue*, methodHandle*, JavaCallArguments*, Thread*)+0x19
V  [libjvm.so+0x4df3d5]  JavaCalls::call(JavaValue*, methodHandle, JavaCallArguments*, Thread*)+0x25
V  [libjvm.so+0x51ae27]  jni_invoke_static(JNIEnv_*, JavaValue*, _jobject*, JNICallType, _jmethodID*, JNI_ArgumentPusher*, Thread*)+0x147
V  [libjvm.so+0x5085bf]  unsigned+0x20f


---------------  P R O C E S S  ---------------

Java Threads: ( => current thread )
  0x00007f3a482f4000 JavaThread "GC-Monitor" daemon [_thread_blocked, id=25243, stack(0x00007f3a40ee1000,0x00007f3a40fe2000)]
  0x00007f3a482f0000 JavaThread "Neo4j UDC Timer" daemon [_thread_blocked, id=25242, stack(0x00007f3a40fe2000,0x00007f3a410e3000)]
  0x00007f3a480ab000 JavaThread "Low Memory Detector" daemon [_thread_blocked, id=25240, stack(0x00007f3a41a0a000,0x00007f3a41b0b000)]
  0x00007f3a480a8800 JavaThread "C2 CompilerThread1" daemon [_thread_blocked, id=25239, stack(0x00007f3a41b0b000,0x00007f3a41c0c000)]
  0x00007f3a480a5800 JavaThread "C2 CompilerThread0" daemon [_thread_blocked, id=25238, stack(0x00007f3a41c0c000,0x00007f3a41d0d000)]
  0x00007f3a10001000 JavaThread "JDWP Command Reader" daemon [_thread_in_native, id=25236, stack(0x00007f3a41d0d000,0x00007f3a41e0e000)]
  0x00007f3a480a3800 JavaThread "JDWP Event Helper Thread" daemon [_thread_blocked, id=25234, stack(0x00007f3a41e0e000,0x00007f3a41f0f000)]
  0x00007f3a480a0000 JavaThread "JDWP Transport Listener: dt_socket" daemon [_thread_blocked, id=25232, stack(0x00007f3a41f0f000,0x00007f3a42010000)]
  0x00007f3a48093800 JavaThread "Signal Dispatcher" daemon [_thread_blocked, id=25231, stack(0x00007f3a42114000,0x00007f3a42215000)]
  0x00007f3a48078800 JavaThread "Finalizer" daemon [_thread_blocked, id=25230, stack(0x00007f3a42215000,0x00007f3a42316000)]
  0x00007f3a48076800 JavaThread "Reference Handler" daemon [_thread_blocked, id=25229, stack(0x00007f3a42316000,0x00007f3a42417000)]
=>0x00007f3a4800a800 JavaThread "main" [_thread_in_Java, id=25219, stack(0x00007f3a4c1aa000,0x00007f3a4c2ab000)]

Other Threads:
  0x00007f3a48070000 VMThread [stack: 0x00007f3a42417000,0x00007f3a42518000] [id=25228]
  0x00007f3a480bd800 WatcherThread [stack: 0x00007f3a41909000,0x00007f3a41a0a000] [id=25241]

VM state:not at safepoint (normal execution)

VM Mutex/Monitor currently owned by a thread: None

Heap
 PSYoungGen      total 21568K, used 1148K [0x00000007d66b0000, 0x00000007d7eb0000, 0x0000000800000000)
  eden space 19328K, 1% used [0x00000007d66b0000,0x00000007d670f2f8,0x00000007d7990000)
  from space 2240K, 34% used [0x00000007d7c80000,0x00000007d7d3ff00,0x00000007d7eb0000)
  to   space 2624K, 0% used [0x00000007d7990000,0x00000007d7990000,0x00000007d7c20000)
 PSOldGen        total 85120K, used 8465K [0x0000000783400000, 0x0000000788720000, 0x00000007d66b0000)
  object space 85120K, 9% used [0x0000000783400000,0x0000000783c44588,0x0000000788720000)
 PSPermGen       total 21248K, used 13688K [0x000000077e200000, 0x000000077f6c0000, 0x0000000783400000)
  object space 21248K, 64% used [0x000000077e200000,0x000000077ef5e110,0x000000077f6c0000)

Code Cache  [0x00007f3a43e6b000, 0x00007f3a440eb000, 0x00007f3a46e6b000)
 total_blobs=1136 nmethods=827 adapters=271 free_code_cache=47784192 largest_free_block=10240

Dynamic libraries:
40000000-40009000 r-xp 00000000 08:01 1970559                            /usr/lib/jvm/java-6-sun-1.6.0.26/jre/bin/java
40108000-4010a000 rwxp 00008000 08:01 1970559                            /usr/lib/jvm/java-6-sun-1.6.0.26/jre/bin/java
4093f000-40960000 rwxp 00000000 00:00 0                                  [heap]
77e200000-77f6c0000 rwxp 00000000 00:00 0 
77f6c0000-783400000 rwxp 00000000 00:00 0 
783400000-788720000 rwxp 00000000 00:00 0 
788720000-7d66b0000 rwxp 00000000 00:00 0 
7d66b0000-7d7eb0000 rwxp 00000000 00:00 0 
7d7eb0000-7d9040000 ---p 00000000 00:00 0 
7d9040000-800000000 rwxp 00000000 00:00 0 
7f39e4000000-7f39e402f000 rwxp 00000000 00:00 0 
7f39e402f000-7f39e8000000 ---p 00000000 00:00 0 
7f39eb819000-7f39ec000000 rwxs 00000000 08:06 28235973                   /home/rafael/world_borders_dump/graph.db/neostore.relationshipstore.db
7f39ec000000-7f39ec070000 rwxp 00000000 00:00 0 
7f39ec070000-7f39f0000000 ---p 00000000 00:00 0 
7f39f0000000-7f39f0021000 rwxp 00000000 00:00 0 
7f39f0021000-7f39f4000000 ---p 00000000 00:00 0 
7f39f4000000-7f39f4021000 rwxp 00000000 00:00 0 
7f39f4021000-7f39f8000000 ---p 00000000 00:00 0 
7f39f8000000-7f39f8021000 rwxp 00000000 00:00 0 
7f39f8021000-7f39fc000000 ---p 00000000 00:00 0 
7f39fc000000-7f39fd0db000 rwxp 00000000 00:00 0 
7f39fd0db000-7f3a00000000 ---p 00000000 00:00 0 
7f3a00000000-7f3a00c32000 rwxp 00000000 00:00 0 
7f3a00c32000-7f3a04000000 ---p 00000000 00:00 0 
7f3a04000000-7f3a0407c000 rwxp 00000000 00:00 0 
7f3a0407c000-7f3a08000000 ---p 00000000 00:00 0 
7f3a08000000-7f3a08021000 rwxp 00000000 00:00 0 
7f3a08021000-7f3a0c000000 ---p 00000000 00:00 0 
7f3a0c000000-7f3a0c021000 rwxp 00000000 00:00 0 
7f3a0c021000-7f3a10000000 ---p 00000000 00:00 0 
7f3a10000000-7f3a1004a000 rwxp 00000000 00:00 0 
7f3a1004a000-7f3a14000000 ---p 00000000 00:00 0 
7f3a14000000-7f3a14021000 rwxp 00000000 00:00 0 
7f3a14021000-7f3a18000000 ---p 00000000 00:00 0 
7f3a18000000-7f3a18021000 rwxp 00000000 00:00 0 
7f3a18021000-7f3a1c000000 ---p 00000000 00:00 0 
7f3a1c000000-7f3a1c021000 rwxp 00000000 00:00 0 
7f3a1c021000-7f3a20000000 ---p 00000000 00:00 0 
7f3a20000000-7f3a20021000 rwxp 00000000 00:00 0 
7f3a20021000-7f3a24000000 ---p 00000000 00:00 0 
7f3a24000000-7f3a24021000 rwxp 00000000 00:00 0 
7f3a24021000-7f3a28000000 ---p 00000000 00:00 0 
7f3a28000000-7f3a28021000 rwxp 00000000 00:00 0 
7f3a28021000-7f3a2c000000 ---p 00000000 00:00 0 
7f3a2c000000-7f3a2c021000 rwxp 00000000 00:00 0 
7f3a2c021000-7f3a30000000 ---p 00000000 00:00 0 
7f3a30000000-7f3a30021000 rwxp 00000000 00:00 0 
7f3a30021000-7f3a34000000 ---p 00000000 00:00 0 
7f3a34000000-7f3a34021000 rwxp 00000000 00:00 0 
7f3a34021000-7f3a38000000 ---p 00000000 00:00 0 
7f3a38000000-7f3a38021000 rwxp 00000000 00:00 0 
7f3a38021000-7f3a3c000000 ---p 00000000 00:00 0 
7f3a3c000000-7f3a3c021000 rwxp 00000000 00:00 0 
7f3a3c021000-7f3a40000000 ---p 00000000 00:00 0 
7f3a40117000-7f3a4012f000 r-xp 00000000 08:01 1312100                    /lib/x86_64-linux-gnu/libresolv-2.15.so
7f3a4012f000-7f3a4032f000 ---p 00018000 08:01 1312100                    /lib/x86_64-linux-gnu/libresolv-2.15.so
7f3a4032f000-7f3a40330000 r-xp 00018000 08:01 1312100                    /lib/x86_64-linux-gnu/libresolv-2.15.so
7f3a40330000-7f3a40331000 rwxp 00019000 08:01 1312100                    /lib/x86_64-linux-gnu/libresolv-2.15.so
7f3a40331000-7f3a40333000 rwxp 00000000 00:00 0 
7f3a40333000-7f3a4033a000 r-xp 00000000 08:01 1312112                    /lib/x86_64-linux-gnu/libnss_dns-2.15.so
7f3a4033a000-7f3a40539000 ---p 00007000 08:01 1312112                    /lib/x86_64-linux-gnu/libnss_dns-2.15.so
7f3a40539000-7f3a4053a000 r-xp 00006000 08:01 1312112                    /lib/x86_64-linux-gnu/libnss_dns-2.15.so
7f3a4053a000-7f3a4053b000 rwxp 00007000 08:01 1312112                    /lib/x86_64-linux-gnu/libnss_dns-2.15.so
7f3a4053b000-7f3a4053d000 r-xp 00000000 08:01 46860                      /lib/libnss_mdns4_minimal.so.2
7f3a4053d000-7f3a4073c000 ---p 00002000 08:01 46860                      /lib/libnss_mdns4_minimal.so.2
7f3a4073c000-7f3a4073d000 r-xp 00001000 08:01 46860                      /lib/libnss_mdns4_minimal.so.2
7f3a4073d000-7f3a4073e000 rwxp 00002000 08:01 46860                      /lib/libnss_mdns4_minimal.so.2
7f3a4073e000-7f3a4076c000 rwxs 00000000 08:06 28235970                   /home/rafael/world_borders_dump/graph.db/neostore.nodestore.db
7f3a4076c000-7f3a40de0000 rwxs 00000000 08:06 28235977                   /home/rafael/world_borders_dump/graph.db/neostore.propertystore.db
7f3a40de0000-7f3a40de3000 ---p 00000000 00:00 0 
7f3a40de3000-7f3a40ee1000 rwxp 00000000 00:00 0 
7f3a40ee1000-7f3a40ee4000 ---p 00000000 00:00 0 
7f3a40ee4000-7f3a40fe2000 rwxp 00000000 00:00 0 
7f3a40fe2000-7f3a40fe5000 ---p 00000000 00:00 0 
7f3a40fe5000-7f3a410e3000 rwxp 00000000 00:00 0 
7f3a41165000-7f3a411e7000 rwxp 00000000 00:00 0 
7f3a41269000-7f3a412eb000 rwxp 00000000 00:00 0 
7f3a41429000-7f3a414b6000 rwxs 00000000 08:06 28235983                   /home/rafael/world_borders_dump/graph.db/neostore.propertystore.db.strings
7f3a414b6000-7f3a414bd000 r-xp 00000000 08:01 1972445                    /usr/lib/jvm/java-6-sun-1.6.0.26/jre/lib/amd64/libnio.so
7f3a414bd000-7f3a415bc000 ---p 00007000 08:01 1972445                    /usr/lib/jvm/java-6-sun-1.6.0.26/jre/lib/amd64/libnio.so
7f3a415bc000-7f3a415be000 rwxp 00006000 08:01 1972445                    /usr/lib/jvm/java-6-sun-1.6.0.26/jre/lib/amd64/libnio.so
7f3a415be000-7f3a415ef000 rwxp 00000000 00:00 0 
7f3a415ef000-7f3a41602000 r-xp 00000000 08:01 1972454                    /usr/lib/jvm/java-6-sun-1.6.0.26/jre/lib/amd64/libnet.so
7f3a41602000-7f3a41703000 ---p 00013000 08:01 1972454                    /usr/lib/jvm/java-6-sun-1.6.0.26/jre/lib/amd64/libnet.so
7f3a41703000-7f3a41706000 rwxp 00014000 08:01 1972454                    /usr/lib/jvm/java-6-sun-1.6.0.26/jre/lib/amd64/libnet.so
7f3a41706000-7f3a4170c000 r-xp 00000000 08:01 1976294                    /usr/lib/jvm/java-6-sun-1.6.0.26/jre/lib/amd64/libmanagement.so
7f3a4170c000-7f3a4180b000 ---p 00006000 08:01 1976294                    /usr/lib/jvm/java-6-sun-1.6.0.26/jre/lib/amd64/libmanagement.so
7f3a4180b000-7f3a4180d000 rwxp 00005000 08:01 1976294                    /usr/lib/jvm/java-6-sun-1.6.0.26/jre/lib/amd64/libmanagement.so
7f3a4180d000-7f3a41811000 r-xs 0001a000 08:06 24168003                   /home/rafael/WorldBorders/src/worldborders/jar/server-api-1.8.M01.jar
7f3a41811000-7f3a4188e000 r-xs 007f3000 08:06 24168002                   /home/rafael/WorldBorders/src/worldborders/jar/scala-library-2.9.1-1.jar
7f3a4188e000-7f3a418a6000 r-xs 00112000 08:06 24167996                   /home/rafael/WorldBorders/src/worldborders/jar/neo4j-kernel-1.8.M01.jar
7f3a418a6000-7f3a418f1000 r-xs 00284000 08:06 24167992                   /home/rafael/WorldBorders/src/worldborders/jar/neo4j-cypher-1.8.M01.jar
7f3a418f1000-7f3a41909000 r-xs 0014e000 08:06 24167991                   /home/rafael/WorldBorders/src/worldborders/jar/lucene-core-3.5.0.jar
7f3a41909000-7f3a4190a000 ---p 00000000 00:00 0 
7f3a4190a000-7f3a41a0a000 rwxp 00000000 00:00 0 
7f3a41a0a000-7f3a41a0d000 ---p 00000000 00:00 0 
7f3a41a0d000-7f3a41b0b000 rwxp 00000000 00:00 0 
7f3a41b0b000-7f3a41b0e000 ---p 00000000 00:00 0 
7f3a41b0e000-7f3a41c0c000 rwxp 00000000 00:00 0 
7f3a41c0c000-7f3a41c0f000 ---p 00000000 00:00 0 
7f3a41c0f000-7f3a41d0d000 rwxp 00000000 00:00 0 
7f3a41d0d000-7f3a41d10000 ---p 00000000 00:00 0 
7f3a41d10000-7f3a41e0e000 rwxp 00000000 00:00 0 
7f3a41e0e000-7f3a41e11000 ---p 00000000 00:00 0 
7f3a41e11000-7f3a41f0f000 rwxp 00000000 00:00 0 
7f3a41f0f000-7f3a41f12000 ---p 00000000 00:00 0 
7f3a41f12000-7f3a42010000 rwxp 00000000 00:00 0 
7f3a42010000-7f3a42013000 r-xp 00000000 08:01 1972443                    /usr/lib/jvm/java-6-sun-1.6.0.26/jre/lib/amd64/libdt_socket.so
7f3a42013000-7f3a42112000 ---p 00003000 08:01 1972443                    /usr/lib/jvm/java-6-sun-1.6.0.26/jre/lib/amd64/libdt_socket.so
7f3a42112000-7f3a42114000 rwxp 00002000 08:01 1972443                    /usr/lib/jvm/java-6-sun-1.6.0.26/jre/lib/amd64/libdt_socket.so
7f3a42114000-7f3a42117000 ---p 00000000 00:00 0 
7f3a42117000-7f3a42215000 rwxp 00000000 00:00 0 
7f3a42215000-7f3a42218000 ---p 00000000 00:00 0 
7f3a42218000-7f3a42316000 rwxp 00000000 00:00 0 
7f3a42316000-7f3a42319000 ---p 00000000 00:00 0 
7f3a42319000-7f3a42417000 rwxp 00000000 00:00 0 
7f3a42417000-7f3a42418000 ---p 00000000 00:00 0 
7f3a42418000-7f3a42e21000 rwxp 00000000 00:00 0 
7f3a42e21000-7f3a42fb9000 r-xs 03029000 08:01 1592336                    /usr/lib/jvm/java-6-sun-1.6.0.26/jre/lib/rt.jar
7f3a42fb9000-7f3a42fba000 ---p 00000000 00:00 0 
7f3a42fba000-7f3a430ba000 rwxp 00000000 00:00 0 
7f3a430ba000-7f3a430bb000 ---p 00000000 00:00 0 
7f3a430bb000-7f3a431bb000 rwxp 00000000 00:00 0 
7f3a431bb000-7f3a431bc000 ---p 00000000 00:00 0 
7f3a431bc000-7f3a432bc000 rwxp 00000000 00:00 0 
7f3a432bc000-7f3a432bd000 ---p 00000000 00:00 0 
7f3a432bd000-7f3a433bd000 rwxp 00000000 00:00 0 
7f3a433bd000-7f3a433be000 ---p 00000000 00:00 0 
7f3a433be000-7f3a434be000 rwxp 00000000 00:00 0 
7f3a434be000-7f3a434bf000 ---p 00000000 00:00 0 
7f3a434bf000-7f3a435bf000 rwxp 00000000 00:00 0 
7f3a435bf000-7f3a435c0000 ---p 00000000 00:00 0 
7f3a435c0000-7f3a436c0000 rwxp 00000000 00:00 0 
7f3a436c0000-7f3a436c1000 ---p 00000000 00:00 0 
7f3a436c1000-7f3a437eb000 rwxp 00000000 00:00 0 
7f3a437eb000-7f3a43a5b000 rwxp 00000000 00:00 0 
7f3a43a5b000-7f3a43a66000 rwxp 00000000 00:00 0 
7f3a43a66000-7f3a43a84000 rwxp 00000000 00:00 0 
7f3a43a84000-7f3a43aae000 rwxp 00000000 00:00 0 
7f3a43aae000-7f3a43d1d000 rwxp 00000000 00:00 0 
7f3a43d1d000-7f3a43d2a000 rwxp 00000000 00:00 0 
7f3a43d2a000-7f3a43d33000 ---p 00000000 00:00 0 
7f3a43d33000-7f3a43e6a000 rwxp 00000000 00:00 0 
7f3a43e6a000-7f3a440eb000 rwxp 00000000 00:00 0 
7f3a440eb000-7f3a46e6b000 rwxp 00000000 00:00 0 
7f3a46e6b000-7f3a46e79000 r-xp 00000000 08:01 1976265                    /usr/lib/jvm/java-6-sun-1.6.0.26/jre/lib/amd64/libzip.so
7f3a46e79000-7f3a46f7b000 ---p 0000e000 08:01 1976265                    /usr/lib/jvm/java-6-sun-1.6.0.26/jre/lib/amd64/libzip.so
7f3a46f7b000-7f3a46f7e000 rwxp 00010000 08:01 1976265                    /usr/lib/jvm/java-6-sun-1.6.0.26/jre/lib/amd64/libzip.so
7f3a46f7e000-7f3a46f7f000 rwxp 00000000 00:00 0 
7f3a46f7f000-7f3a46f8b000 r-xp 00000000 08:01 1312106                    /lib/x86_64-linux-gnu/libnss_files-2.15.so
7f3a46f8b000-7f3a4718a000 ---p 0000c000 08:01 1312106                    /lib/x86_64-linux-gnu/libnss_files-2.15.so
7f3a4718a000-7f3a4718b000 r-xp 0000b000 08:01 1312106                    /lib/x86_64-linux-gnu/libnss_files-2.15.so
7f3a4718b000-7f3a4718c000 rwxp 0000c000 08:01 1312106                    /lib/x86_64-linux-gnu/libnss_files-2.15.so
7f3a4718c000-7f3a47196000 r-xp 00000000 08:01 1312107                    /lib/x86_64-linux-gnu/libnss_nis-2.15.so
7f3a47196000-7f3a47396000 ---p 0000a000 08:01 1312107                    /lib/x86_64-linux-gnu/libnss_nis-2.15.so
7f3a47396000-7f3a47397000 r-xp 0000a000 08:01 1312107                    /lib/x86_64-linux-gnu/libnss_nis-2.15.so
7f3a47397000-7f3a47398000 rwxp 0000b000 08:01 1312107                    /lib/x86_64-linux-gnu/libnss_nis-2.15.so
7f3a47398000-7f3a473a0000 r-xp 00000000 08:01 1312109                    /lib/x86_64-linux-gnu/libnss_compat-2.15.so
7f3a473a0000-7f3a4759f000 ---p 00008000 08:01 1312109                    /lib/x86_64-linux-gnu/libnss_compat-2.15.so
7f3a4759f000-7f3a475a0000 r-xp 00007000 08:01 1312109                    /lib/x86_64-linux-gnu/libnss_compat-2.15.so
7f3a475a0000-7f3a475a1000 rwxp 00008000 08:01 1312109                    /lib/x86_64-linux-gnu/libnss_compat-2.15.so
7f3a475a1000-7f3a4786d000 r-xp 00000000 08:01 1094                       /usr/lib/locale/locale-archive
7f3a4786d000-7f3a47870000 r-xp 00000000 08:01 1972462                    /usr/lib/jvm/java-6-sun-1.6.0.26/jre/lib/amd64/libnpt.so
7f3a47870000-7f3a4796f000 ---p 00003000 08:01 1972462                    /usr/lib/jvm/java-6-sun-1.6.0.26/jre/lib/amd64/libnpt.so
7f3a4796f000-7f3a47970000 rwxp 00002000 08:01 1972462                    /usr/lib/jvm/java-6-sun-1.6.0.26/jre/lib/amd64/libnpt.so
7f3a47970000-7f3a479a6000 r-xp 00000000 08:01 1972461                    /usr/lib/jvm/java-6-sun-1.6.0.26/jre/lib/amd64/libjdwp.so
7f3a479a6000-7f3a47aa5000 ---p 00036000 08:01 1972461                    /usr/lib/jvm/java-6-sun-1.6.0.26/jre/lib/amd64/libjdwp.so
7f3a47aa5000-7f3a47aaf000 rwxp 00035000 08:01 1972461                    /usr/lib/jvm/java-6-sun-1.6.0.26/jre/lib/amd64/libjdwp.so
7f3a47aaf000-7f3a47ac6000 r-xp 00000000 08:01 1312101                    /lib/x86_64-linux-gnu/libnsl-2.15.so
7f3a47ac6000-7f3a47cc5000 ---p 00017000 08:01 1312101                    /lib/x86_64-linux-gnu/libnsl-2.15.so
7f3a47cc5000-7f3a47cc6000 r-xp 00016000 08:01 1312101                    /lib/x86_64-linux-gnu/libnsl-2.15.so
7f3a47cc6000-7f3a47cc7000 rwxp 00017000 08:01 1312101                    /lib/x86_64-linux-gnu/libnsl-2.15.so
7f3a47cc7000-7f3a47cc9000 rwxp 00000000 00:00 0 
7f3a47cc9000-7f3a47cf2000 r-xp 00000000 08:01 1976264                    /usr/lib/jvm/java-6-sun-1.6.0.26/jre/lib/amd64/libjava.so
7f3a47cf2000-7f3a47df1000 ---p 00029000 08:01 1976264                    /usr/lib/jvm/java-6-sun-1.6.0.26/jre/lib/amd64/libjava.so
7f3a47df1000-7f3a47df8000 rwxp 00028000 08:01 1976264                    /usr/lib/jvm/java-6-sun-1.6.0.26/jre/lib/amd64/libjava.so
7f3a47df8000-7f3a47dff000 r-xp 00000000 08:01 1312103                    /lib/x86_64-linux-gnu/librt-2.15.so
7f3a47dff000-7f3a47ffe000 ---p 00007000 08:01 1312103                    /lib/x86_64-linux-gnu/librt-2.15.so
7f3a47ffe000-7f3a47fff000 r-xp 00006000 08:01 1312103                    /lib/x86_64-linux-gnu/librt-2.15.so
7f3a47fff000-7f3a48000000 rwxp 00007000 08:01 1312103                    /lib/x86_64-linux-gnu/librt-2.15.so
7f3a48000000-7f3a48e8c000 rwxp 00000000 00:00 0 
7f3a48e8c000-7f3a4c000000 ---p 00000000 00:00 0 
7f3a4c005000-7f3a4c006000 r-xs 00000000 08:06 28238979                   /home/rafael/world_borders_dump/graph.db/index/lucene/node/name/_97.cfs (deleted)
7f3a4c006000-7f3a4c008000 r-xs 00000000 08:06 28238958                   /home/rafael/world_borders_dump/graph.db/index/lucene/node/name/_96.tis (deleted)
7f3a4c00a000-7f3a4c00b000 r-xs 00000000 08:06 28238955                   /home/rafael/world_borders_dump/graph.db/index/lucene/node/name/_96.fdx (deleted)
7f3a4c00b000-7f3a4c00d000 r-xs 00000000 08:06 28238951                   /home/rafael/world_borders_dump/graph.db/index/lucene/node/name/_96.fdt (deleted)
7f3a4c00d000-7f3a4c00e000 r-xs 00000000 08:06 28238962                   /home/rafael/world_borders_dump/graph.db/index/lucene/node/name/_96.nrm (deleted)
7f3a4c00e000-7f3a4c00f000 r-xs 00000000 08:06 28238961                   /home/rafael/world_borders_dump/graph.db/index/lucene/node/name/_96.prx (deleted)
7f3a4c00f000-7f3a4c010000 r-xs 00000000 08:06 28238960                   /home/rafael/world_borders_dump/graph.db/index/lucene/node/name/_96.frq (deleted)
7f3a4c010000-7f3a4c012000 r-xs 00000000 08:06 28238958                   /home/rafael/world_borders_dump/graph.db/index/lucene/node/name/_96.tis (deleted)
7f3a4c012000-7f3a4c013000 r-xs 00000000 08:06 28238946                   /home/rafael/world_borders_dump/graph.db/index/lucene/node/name/_9g.prx
7f3a4c013000-7f3a4c014000 r-xs 00000000 08:06 28238945                   /home/rafael/world_borders_dump/graph.db/index/lucene/node/name/_9g.frq
7f3a4c014000-7f3a4c016000 r-xs 00000000 08:06 28238943                   /home/rafael/world_borders_dump/graph.db/index/lucene/node/name/_9g.tis
7f3a4c016000-7f3a4c07d000 rwxp 00000000 00:00 0 
7f3a4c07d000-7f3a4c09b000 rwxp 00000000 00:00 0 
7f3a4c09b000-7f3a4c0a8000 r-xp 00000000 08:01 1972453                    /usr/lib/jvm/java-6-sun-1.6.0.26/jre/lib/amd64/libverify.so
7f3a4c0a8000-7f3a4c1a7000 ---p 0000d000 08:01 1972453                    /usr/lib/jvm/java-6-sun-1.6.0.26/jre/lib/amd64/libverify.so
7f3a4c1a7000-7f3a4c1aa000 rwxp 0000c000 08:01 1972453                    /usr/lib/jvm/java-6-sun-1.6.0.26/jre/lib/amd64/libverify.so
7f3a4c1aa000-7f3a4c1ad000 ---p 00000000 00:00 0 
7f3a4c1ad000-7f3a4c2ab000 rwxp 00000000 00:00 0 
7f3a4c2ab000-7f3a4c3a4000 r-xp 00000000 08:01 1312096                    /lib/x86_64-linux-gnu/libm-2.15.so
7f3a4c3a4000-7f3a4c5a3000 ---p 000f9000 08:01 1312096                    /lib/x86_64-linux-gnu/libm-2.15.so
7f3a4c5a3000-7f3a4c5a4000 r-xp 000f8000 08:01 1312096                    /lib/x86_64-linux-gnu/libm-2.15.so
7f3a4c5a4000-7f3a4c5a5000 rwxp 000f9000 08:01 1312096                    /lib/x86_64-linux-gnu/libm-2.15.so
7f3a4c5a5000-7f3a4cebf000 r-xp 00000000 08:01 2632029                    /usr/lib/jvm/java-6-sun-1.6.0.26/jre/lib/amd64/server/libjvm.so
7f3a4cebf000-7f3a4cfc1000 ---p 0091a000 08:01 2632029                    /usr/lib/jvm/java-6-sun-1.6.0.26/jre/lib/amd64/server/libjvm.so
7f3a4cfc1000-7f3a4d176000 rwxp 0091c000 08:01 2632029                    /usr/lib/jvm/java-6-sun-1.6.0.26/jre/lib/amd64/server/libjvm.so
7f3a4d176000-7f3a4d1b0000 rwxp 00000000 00:00 0 
7f3a4d1b0000-7f3a4d363000 r-xp 00000000 08:01 1312097                    /lib/x86_64-linux-gnu/libc-2.15.so
7f3a4d363000-7f3a4d562000 ---p 001b3000 08:01 1312097                    /lib/x86_64-linux-gnu/libc-2.15.so
7f3a4d562000-7f3a4d566000 r-xp 001b2000 08:01 1312097                    /lib/x86_64-linux-gnu/libc-2.15.so
7f3a4d566000-7f3a4d568000 rwxp 001b6000 08:01 1312097                    /lib/x86_64-linux-gnu/libc-2.15.so
7f3a4d568000-7f3a4d56d000 rwxp 00000000 00:00 0 
7f3a4d56d000-7f3a4d56f000 r-xp 00000000 08:01 1312113                    /lib/x86_64-linux-gnu/libdl-2.15.so
7f3a4d56f000-7f3a4d76f000 ---p 00002000 08:01 1312113                    /lib/x86_64-linux-gnu/libdl-2.15.so
7f3a4d76f000-7f3a4d770000 r-xp 00002000 08:01 1312113                    /lib/x86_64-linux-gnu/libdl-2.15.so
7f3a4d770000-7f3a4d771000 rwxp 00003000 08:01 1312113                    /lib/x86_64-linux-gnu/libdl-2.15.so
7f3a4d771000-7f3a4d789000 r-xp 00000000 08:01 1312117                    /lib/x86_64-linux-gnu/libpthread-2.15.so
7f3a4d789000-7f3a4d988000 ---p 00018000 08:01 1312117                    /lib/x86_64-linux-gnu/libpthread-2.15.so
7f3a4d988000-7f3a4d989000 r-xp 00017000 08:01 1312117                    /lib/x86_64-linux-gnu/libpthread-2.15.so
7f3a4d989000-7f3a4d98a000 rwxp 00018000 08:01 1312117                    /lib/x86_64-linux-gnu/libpthread-2.15.so
7f3a4d98a000-7f3a4d98e000 rwxp 00000000 00:00 0 
7f3a4d98e000-7f3a4d9b0000 r-xp 00000000 08:01 1312099                    /lib/x86_64-linux-gnu/ld-2.15.so
7f3a4d9b0000-7f3a4d9b1000 r-xs 00000000 08:06 28238963                   /home/rafael/world_borders_dump/graph.db/index/lucene/node/name/_9g.nrm
7f3a4d9b1000-7f3a4d9b2000 r-xs 00000000 08:06 28238971                   /home/rafael/world_borders_dump/graph.db/index/lucene/node/name/_9f.cfs (deleted)
7f3a4d9b2000-7f3a4d9b3000 r-xs 00000000 08:06 28238970                   /home/rafael/world_borders_dump/graph.db/index/lucene/node/name/_9e.cfs (deleted)
7f3a4d9b3000-7f3a4d9b4000 r-xs 00000000 08:06 28238969                   /home/rafael/world_borders_dump/graph.db/index/lucene/node/name/_9d.cfs (deleted)
7f3a4d9b4000-7f3a4d9b5000 r-xs 00000000 08:06 28238968                   /home/rafael/world_borders_dump/graph.db/index/lucene/node/name/_9c.cfs (deleted)
7f3a4d9b5000-7f3a4d9b6000 r-xs 00000000 08:06 28238967                   /home/rafael/world_borders_dump/graph.db/index/lucene/node/name/_9b.cfs (deleted)
7f3a4d9b6000-7f3a4d9b7000 r-xs 00000000 08:06 28238966                   /home/rafael/world_borders_dump/graph.db/index/lucene/node/name/_9a.cfs (deleted)
7f3a4d9b7000-7f3a4d9b8000 r-xs 00000000 08:06 28238965                   /home/rafael/world_borders_dump/graph.db/index/lucene/node/name/_99.cfs (deleted)
7f3a4d9b8000-7f3a4d9b9000 rwxs 00000000 08:06 28236284                   /home/rafael/world_borders_dump/graph.db/neostore.propertystore.db.index.keys
7f3a4d9b9000-7f3a4d9bc000 rwxs 00000000 08:06 28236282                   /home/rafael/world_borders_dump/graph.db/neostore.propertystore.db.index
7f3a4d9bc000-7f3a4d9be000 r-xs 00006000 08:06 24167999                   /home/rafael/WorldBorders/src/worldborders/jar/neo4j-udc-1.8.M01.jar
7f3a4d9be000-7f3a4d9c0000 r-xs 00015000 08:06 24168000                   /home/rafael/WorldBorders/src/worldborders/jar/org.apache.servicemix.bundles.jline-0.9.94_1.jar
7f3a4d9c0000-7f3a4d9ca000 rwxp 00000000 00:00 0 
7f3a4d9ca000-7f3a4da80000 rwxp 00000000 00:00 0 
7f3a4da80000-7f3a4da83000 rwxp 00000000 00:00 0 
7f3a4da83000-7f3a4da8a000 r-xp 00000000 08:01 2239063                    /usr/lib/jvm/java-6-sun-1.6.0.26/jre/lib/amd64/jli/libjli.so
7f3a4da8a000-7f3a4db8b000 ---p 00007000 08:01 2239063                    /usr/lib/jvm/java-6-sun-1.6.0.26/jre/lib/amd64/jli/libjli.so
7f3a4db8b000-7f3a4db8d000 rwxp 00008000 08:01 2239063                    /usr/lib/jvm/java-6-sun-1.6.0.26/jre/lib/amd64/jli/libjli.so
7f3a4db8d000-7f3a4db8e000 rwxp 00000000 00:00 0 
7f3a4db8e000-7f3a4db8f000 r-xs 00000000 08:06 28238964                   /home/rafael/world_borders_dump/graph.db/index/lucene/node/name/_98.cfs (deleted)
7f3a4db8f000-7f3a4db93000 r-xs 00034000 08:06 24167998                   /home/rafael/WorldBorders/src/worldborders/jar/neo4j-shell-1.8.M01.jar
7f3a4db93000-7f3a4db96000 r-xs 00023000 08:06 24167997                   /home/rafael/WorldBorders/src/worldborders/jar/neo4j-lucene-index-1.8.M01.jar
7f3a4db96000-7f3a4db98000 r-xs 0000a000 08:06 24167995                   /home/rafael/WorldBorders/src/worldborders/jar/neo4j-jmx-1.8.M01.jar
7f3a4db98000-7f3a4db9a000 r-xs 0000b000 08:06 24167994                   /home/rafael/WorldBorders/src/worldborders/jar/neo4j-graph-matching-1.8.M01.jar
7f3a4db9a000-7f3a4db9e000 r-xs 00022000 08:06 24167993                   /home/rafael/WorldBorders/src/worldborders/jar/neo4j-graph-algo-1.8.M01.jar
7f3a4db9e000-7f3a4dba3000 r-xs 00043000 08:06 24167987                   /home/rafael/WorldBorders/src/worldborders/jar/mongo-2.7.3.jar
7f3a4dba3000-7f3a4dba4000 r-xs 00003000 08:06 24167988                   /home/rafael/WorldBorders/src/worldborders/jar/geronimo-jta_1.1_spec-1.1.1.jar
7f3a4dba4000-7f3a4dbac000 rwxs 00000000 08:01 397290                     /tmp/hsperfdata_rafael/25215
7f3a4dbac000-7f3a4dbad000 rwxp 00000000 00:00 0 
7f3a4dbad000-7f3a4dbae000 r-xp 00000000 00:00 0 
7f3a4dbae000-7f3a4dbb0000 rwxp 00000000 00:00 0 
7f3a4dbb0000-7f3a4dbb1000 r-xp 00022000 08:01 1312099                    /lib/x86_64-linux-gnu/ld-2.15.so
7f3a4dbb1000-7f3a4dbb3000 rwxp 00023000 08:01 1312099                    /lib/x86_64-linux-gnu/ld-2.15.so
7fff56380000-7fff563a1000 rwxp 00000000 00:00 0                          [stack]
7fff563d4000-7fff563d5000 r-xp 00000000 00:00 0                          [vdso]
ffffffffff600000-ffffffffff601000 r-xp 00000000 00:00 0                  [vsyscall]

VM Arguments:
jvm_args: -Xdebug -Xrunjdwp:transport=dt_socket,address=localhost.localdomain:44133 -Dfile.encoding=UTF-8 
java_command: worldborders.WorldBorders
Launcher Type: SUN_STANDARD

Environment Variables:
PATH=/usr/lib/lightdm/lightdm:/usr/local/sbin:/usr/local/bin:/usr/sbin:/usr/bin:/sbin:/bin:/usr/games
LD_LIBRARY_PATH=/usr/lib/jvm/java-6-sun-1.6.0.26/jre/lib/amd64/server:/usr/lib/jvm/java-6-sun-1.6.0.26/jre/lib/amd64:/usr/lib/jvm/java-6-sun-1.6.0.26/jre/../lib/amd64
SHELL=/bin/bash
DISPLAY=:0

Signal Handlers:
SIGSEGV: [libjvm.so+0x85f800], sa_mask[0]=0x7ffbfeff, sa_flags=0x10000004
SIGBUS: [libjvm.so+0x85f800], sa_mask[0]=0x7ffbfeff, sa_flags=0x10000004
SIGFPE: [libjvm.so+0x70e300], sa_mask[0]=0x7ffbfeff, sa_flags=0x10000004
SIGPIPE: [libjvm.so+0x70e300], sa_mask[0]=0x7ffbfeff, sa_flags=0x10000004
SIGXFSZ: [libjvm.so+0x70e300], sa_mask[0]=0x7ffbfeff, sa_flags=0x10000004
SIGILL: [libjvm.so+0x70e300], sa_mask[0]=0x7ffbfeff, sa_flags=0x10000004
SIGUSR1: SIG_DFL, sa_mask[0]=0x00000000, sa_flags=0x00000000
SIGUSR2: [libjvm.so+0x711110], sa_mask[0]=0x00000004, sa_flags=0x10000004
SIGHUP: [libjvm.so+0x710d10], sa_mask[0]=0x7ffbfeff, sa_flags=0x10000004
SIGINT: SIG_IGN, sa_mask[0]=0x00000000, sa_flags=0x00000000
SIGTERM: [libjvm.so+0x710d10], sa_mask[0]=0x7ffbfeff, sa_flags=0x10000004
SIGQUIT: [libjvm.so+0x710d10], sa_mask[0]=0x7ffbfeff, sa_flags=0x10000004


---------------  S Y S T E M  ---------------

OS:wheezy/sid

uname:Linux 3.2.0-24-generic #39-Ubuntu SMP Mon May 21 16:52:17 UTC 2012 x86_64
libc:glibc 2.15 NPTL 2.15 
rlimit: STACK 8192k, CORE 0k, NPROC 63628, NOFILE 4096, AS infinity
load average:0.98 0.88 0.87

/proc/meminfo:
MemTotal:        8168412 kB
MemFree:         1753676 kB
Buffers:          968376 kB
Cached:          3121940 kB
SwapCached:            0 kB
Active:          3072028 kB
Inactive:        2815888 kB
Active(anon):    1799872 kB
Inactive(anon):    14628 kB
Active(file):    1272156 kB
Inactive(file):  2801260 kB
Unevictable:           0 kB
Mlocked:               0 kB
SwapTotal:      23985008 kB
SwapFree:       23985008 kB
Dirty:               136 kB
Writeback:             0 kB
AnonPages:       1797844 kB
Mapped:           185720 kB
Shmem:             16764 kB
Slab:             335928 kB
SReclaimable:     298452 kB
SUnreclaim:        37476 kB
KernelStack:        4184 kB
PageTables:        33264 kB
NFS_Unstable:          0 kB
Bounce:                0 kB
WritebackTmp:          0 kB
CommitLimit:    28069212 kB
Committed_AS:    4050680 kB
VmallocTotal:   34359738367 kB
VmallocUsed:      344180 kB
VmallocChunk:   34359383960 kB
HardwareCorrupted:     0 kB
AnonHugePages:         0 kB
HugePages_Total:       0
HugePages_Free:        0
HugePages_Rsvd:        0
HugePages_Surp:        0
Hugepagesize:       2048 kB
DirectMap4k:       62976 kB
DirectMap2M:     8316928 kB


CPU:total 8 (4 cores per cpu, 2 threads per core) family 6 model 26 stepping 5, cmov, cx8, fxsr, mmx, sse, sse2, sse3, ssse3, sse4.1, sse4.2, popcnt, ht

/proc/cpuinfo:
processor	: 0
vendor_id	: GenuineIntel
cpu family	: 6
model		: 26
model name	: Intel(R) Core(TM) i7 CPU         920  @ 2.67GHz
stepping	: 5
microcode	: 0xf
cpu MHz		: 2668.000
cache size	: 8192 KB
physical id	: 0
siblings	: 8
core id		: 0
cpu cores	: 4
apicid		: 0
initial apicid	: 0
fpu		: yes
fpu_exception	: yes
cpuid level	: 11
wp		: yes
flags		: fpu vme de pse tsc msr pae mce cx8 apic sep mtrr pge mca cmov pat pse36 clflush dts acpi mmx fxsr sse sse2 ss ht tm pbe syscall nx rdtscp lm constant_tsc arch_perfmon pebs bts rep_good nopl xtopology nonstop_tsc aperfmperf pni dtes64 monitor ds_cpl vmx est tm2 ssse3 cx16 xtpr pdcm sse4_1 sse4_2 popcnt lahf_lm ida dts tpr_shadow vnmi flexpriority ept vpid
bogomips	: 5339.70
clflush size	: 64
cache_alignment	: 64
address sizes	: 36 bits physical, 48 bits virtual
power management:

processor	: 1
vendor_id	: GenuineIntel
cpu family	: 6
model		: 26
model name	: Intel(R) Core(TM) i7 CPU         920  @ 2.67GHz
stepping	: 5
microcode	: 0xf
cpu MHz		: 2668.000
cache size	: 8192 KB
physical id	: 0
siblings	: 8
core id		: 1
cpu cores	: 4
apicid		: 2
initial apicid	: 2
fpu		: yes
fpu_exception	: yes
cpuid level	: 11
wp		: yes
flags		: fpu vme de pse tsc msr pae mce cx8 apic sep mtrr pge mca cmov pat pse36 clflush dts acpi mmx fxsr sse sse2 ss ht tm pbe syscall nx rdtscp lm constant_tsc arch_perfmon pebs bts rep_good nopl xtopology nonstop_tsc aperfmperf pni dtes64 monitor ds_cpl vmx est tm2 ssse3 cx16 xtpr pdcm sse4_1 sse4_2 popcnt lahf_lm ida dts tpr_shadow vnmi flexpriority ept vpid
bogomips	: 5339.72
clflush size	: 64
cache_alignment	: 64
address sizes	: 36 bits physical, 48 bits virtual
power management:

processor	: 2
vendor_id	: GenuineIntel
cpu family	: 6
model		: 26
model name	: Intel(R) Core(TM) i7 CPU         920  @ 2.67GHz
stepping	: 5
microcode	: 0xf
cpu MHz		: 1600.000
cache size	: 8192 KB
physical id	: 0
siblings	: 8
core id		: 2
cpu cores	: 4
apicid		: 4
initial apicid	: 4
fpu		: yes
fpu_exception	: yes
cpuid level	: 11
wp		: yes
flags		: fpu vme de pse tsc msr pae mce cx8 apic sep mtrr pge mca cmov pat pse36 clflush dts acpi mmx fxsr sse sse2 ss ht tm pbe syscall nx rdtscp lm constant_tsc arch_perfmon pebs bts rep_good nopl xtopology nonstop_tsc aperfmperf pni dtes64 monitor ds_cpl vmx est tm2 ssse3 cx16 xtpr pdcm sse4_1 sse4_2 popcnt lahf_lm ida dts tpr_shadow vnmi flexpriority ept vpid
bogomips	: 5339.80
clflush size	: 64
cache_alignment	: 64
address sizes	: 36 bits physical, 48 bits virtual
power management:

processor	: 3
vendor_id	: GenuineIntel
cpu family	: 6
model		: 26
model name	: Intel(R) Core(TM) i7 CPU         920  @ 2.67GHz
stepping	: 5
microcode	: 0xf
cpu MHz		: 2668.000
cache size	: 8192 KB
physical id	: 0
siblings	: 8
core id		: 3
cpu cores	: 4
apicid		: 6
initial apicid	: 6
fpu		: yes
fpu_exception	: yes
cpuid level	: 11
wp		: yes
flags		: fpu vme de pse tsc msr pae mce cx8 apic sep mtrr pge mca cmov pat pse36 clflush dts acpi mmx fxsr sse sse2 ss ht tm pbe syscall nx rdtscp lm constant_tsc arch_perfmon pebs bts rep_good nopl xtopology nonstop_tsc aperfmperf pni dtes64 monitor ds_cpl vmx est tm2 ssse3 cx16 xtpr pdcm sse4_1 sse4_2 popcnt lahf_lm ida dts tpr_shadow vnmi flexpriority ept vpid
bogomips	: 5339.72
clflush size	: 64
cache_alignment	: 64
address sizes	: 36 bits physical, 48 bits virtual
power management:

processor	: 4
vendor_id	: GenuineIntel
cpu family	: 6
model		: 26
model name	: Intel(R) Core(TM) i7 CPU         920  @ 2.67GHz
stepping	: 5
microcode	: 0xf
cpu MHz		: 1600.000
cache size	: 8192 KB
physical id	: 0
siblings	: 8
core id		: 0
cpu cores	: 4
apicid		: 1
initial apicid	: 1
fpu		: yes
fpu_exception	: yes
cpuid level	: 11
wp		: yes
flags		: fpu vme de pse tsc msr pae mce cx8 apic sep mtrr pge mca cmov pat pse36 clflush dts acpi mmx fxsr sse sse2 ss ht tm pbe syscall nx rdtscp lm constant_tsc arch_perfmon pebs bts rep_good nopl xtopology nonstop_tsc aperfmperf pni dtes64 monitor ds_cpl vmx est tm2 ssse3 cx16 xtpr pdcm sse4_1 sse4_2 popcnt lahf_lm ida dts tpr_shadow vnmi flexpriority ept vpid
bogomips	: 5339.72
clflush size	: 64
cache_alignment	: 64
address sizes	: 36 bits physical, 48 bits virtual
power management:

processor	: 5
vendor_id	: GenuineIntel
cpu family	: 6
model		: 26
model name	: Intel(R) Core(TM) i7 CPU         920  @ 2.67GHz
stepping	: 5
microcode	: 0xf
cpu MHz		: 1600.000
cache size	: 8192 KB
physical id	: 0
siblings	: 8
core id		: 1
cpu cores	: 4
apicid		: 3
initial apicid	: 3
fpu		: yes
fpu_exception	: yes
cpuid level	: 11
wp		: yes
flags		: fpu vme de pse tsc msr pae mce cx8 apic sep mtrr pge mca cmov pat pse36 clflush dts acpi mmx fxsr sse sse2 ss ht tm pbe syscall nx rdtscp lm constant_tsc arch_perfmon pebs bts rep_good nopl xtopology nonstop_tsc aperfmperf pni dtes64 monitor ds_cpl vmx est tm2 ssse3 cx16 xtpr pdcm sse4_1 sse4_2 popcnt lahf_lm ida dts tpr_shadow vnmi flexpriority ept vpid
bogomips	: 5339.72
clflush size	: 64
cache_alignment	: 64
address sizes	: 36 bits physical, 48 bits virtual
power management:

processor	: 6
vendor_id	: GenuineIntel
cpu family	: 6
model		: 26
model name	: Intel(R) Core(TM) i7 CPU         920  @ 2.67GHz
stepping	: 5
microcode	: 0xf
cpu MHz		: 1600.000
cache size	: 8192 KB
physical id	: 0
siblings	: 8
core id		: 2
cpu cores	: 4
apicid		: 5
initial apicid	: 5
fpu		: yes
fpu_exception	: yes
cpuid level	: 11
wp		: yes
flags		: fpu vme de pse tsc msr pae mce cx8 apic sep mtrr pge mca cmov pat pse36 clflush dts acpi mmx fxsr sse sse2 ss ht tm pbe syscall nx rdtscp lm constant_tsc arch_perfmon pebs bts rep_good nopl xtopology nonstop_tsc aperfmperf pni dtes64 monitor ds_cpl vmx est tm2 ssse3 cx16 xtpr pdcm sse4_1 sse4_2 popcnt lahf_lm ida dts tpr_shadow vnmi flexpriority ept vpid
bogomips	: 5339.72
clflush size	: 64
cache_alignment	: 64
address sizes	: 36 bits physical, 48 bits virtual
power management:

processor	: 7
vendor_id	: GenuineIntel
cpu family	: 6
model		: 26
model name	: Intel(R) Core(TM) i7 CPU         920  @ 2.67GHz
stepping	: 5
microcode	: 0xf
cpu MHz		: 1600.000
cache size	: 8192 KB
physical id	: 0
siblings	: 8
core id		: 3
cpu cores	: 4
apicid		: 7
initial apicid	: 7
fpu		: yes
fpu_exception	: yes
cpuid level	: 11
wp		: yes
flags		: fpu vme de pse tsc msr pae mce cx8 apic sep mtrr pge mca cmov pat pse36 clflush dts acpi mmx fxsr sse sse2 ss ht tm pbe syscall nx rdtscp lm constant_tsc arch_perfmon pebs bts rep_good nopl xtopology nonstop_tsc aperfmperf pni dtes64 monitor ds_cpl vmx est tm2 ssse3 cx16 xtpr pdcm sse4_1 sse4_2 popcnt lahf_lm ida dts tpr_shadow vnmi flexpriority ept vpid
bogomips	: 5339.72
clflush size	: 64
cache_alignment	: 64
address sizes	: 36 bits physical, 48 bits virtual
power management:



Memory: 4k page, physical 8168412k(1753676k free), swap 23985008k(23985008k free)

vm_info: Java HotSpot(TM) 64-Bit Server VM (20.1-b02) for linux-amd64 JRE (1.6.0_26-b03), built on May  4 2011 01:13:47 by "java_re" with gcc 3.2.2 (SuSE Linux)

time: Wed May 30 18:42:51 2012
elapsed time: 908 seconds

